::1 - - [19/Jan/2016:23:39:57 +0000] "GET /api/users/569aa08f8745e84709d04ca1 HTTP/1.1" 200 213 "-" "Mozilla/5.0 (Macintosh; Intel Mac OS X 10_11_2) AppleWebKit/537.36 (KHTML, like Gecko) Chrome/47.0.2526.111 Safari/537.36"
combined -
combined -
-
::1 - - [19/Jan/2016:23:41:35 +0000] "GET /api/users/569aa08f8745e84709d04ca1 HTTP/1.1" 200 213 "-" "Mozilla/5.0 (Macintosh; Intel Mac OS X 10_11_2) AppleWebKit/537.36 (KHTML, like Gecko) Chrome/47.0.2526.111 Safari/537.36"
::1 - - [19/Jan/2016:23:41:36 +0000] "GET /api/users/569aa08f8745e84709d04ca1 HTTP/1.1" 200 213 "-" "Mozilla/5.0 (Macintosh; Intel Mac OS X 10_11_2) AppleWebKit/537.36 (KHTML, like Gecko) Chrome/47.0.2526.111 Safari/537.36"
::1 - - [19/Jan/2016:23:41:54 +0000] "GET /api/users/569aa08f8745e84709d04ca1 HTTP/1.1" 200 213 "-" "Mozilla/5.0 (Macintosh; Intel Mac OS X 10_11_2) AppleWebKit/537.36 (KHTML, like Gecko) Chrome/47.0.2526.111 Safari/537.36"
::1 - - [19/Jan/2016:23:42:00 +0000] "GET /api/users/569aa08f8745e84709d04ca1 HTTP/1.1" 200 213 "-" "Mozilla/5.0 (Macintosh; Intel Mac OS X 10_11_2) AppleWebKit/537.36 (KHTML, like Gecko) Chrome/47.0.2526.111 Safari/537.36"
::1 - - [19/Jan/2016:23:55:38 +0000] "GET /ErrorExample HTTP/1.1" 500 1969 "-" "Mozilla/5.0 (Macintosh; Intel Mac OS X 10_11_2) AppleWebKit/537.36 (KHTML, like Gecko) Chrome/47.0.2526.111 Safari/537.36"
::1 - - [19/Jan/2016:23:56:01 +0000] "GET /ErrorExample HTTP/1.1" 500 1969 "-" "Mozilla/5.0 (Macintosh; Intel Mac OS X 10_11_2) AppleWebKit/537.36 (KHTML, like Gecko) Chrome/47.0.2526.111 Safari/537.36"
::1 - - [19/Jan/2016:23:56:25 +0000] "GET /ErrorExample HTTP/1.1" 500 30 "-" "Mozilla/5.0 (Macintosh; Intel Mac OS X 10_11_2) AppleWebKit/537.36 (KHTML, like Gecko) Chrome/47.0.2526.111 Safari/537.36"
::1 - - [19/Jan/2016:23:56:34 +0000] "GET /ErrorExample HTTP/1.1" 500 30 "-" "Mozilla/5.0 (Macintosh; Intel Mac OS X 10_11_2) AppleWebKit/537.36 (KHTML, like Gecko) Chrome/47.0.2526.111 Safari/537.36"
::1 - - [19/Jan/2016:23:56:34 +0000] "GET /ErrorExample HTTP/1.1" 500 30 "-" "Mozilla/5.0 (Macintosh; Intel Mac OS X 10_11_2) AppleWebKit/537.36 (KHTML, like Gecko) Chrome/47.0.2526.111 Safari/537.36"
::1 - - [19/Jan/2016:23:56:35 +0000] "GET /ErrorExample HTTP/1.1" 500 30 "-" "Mozilla/5.0 (Macintosh; Intel Mac OS X 10_11_2) AppleWebKit/537.36 (KHTML, like Gecko) Chrome/47.0.2526.111 Safari/537.36"
::1 - - [19/Jan/2016:23:56:46 +0000] "GET /ErrorExample HTTP/1.1" 404 21 "-" "Mozilla/5.0 (Macintosh; Intel Mac OS X 10_11_2) AppleWebKit/537.36 (KHTML, like Gecko) Chrome/47.0.2526.111 Safari/537.36"
::1 - - [19/Jan/2016:23:56:47 +0000] "GET /ErrorExample HTTP/1.1" 404 21 "-" "Mozilla/5.0 (Macintosh; Intel Mac OS X 10_11_2) AppleWebKit/537.36 (KHTML, like Gecko) Chrome/47.0.2526.111 Safari/537.36"
::1 - - [19/Jan/2016:23:56:54 +0000] "GET /ErrorExample HTTP/1.1" 404 21 "-" "Mozilla/5.0 (Macintosh; Intel Mac OS X 10_11_2) AppleWebKit/537.36 (KHTML, like Gecko) Chrome/47.0.2526.111 Safari/537.36"
::1 - - [19/Jan/2016:23:56:54 +0000] "GET /ErrorExample HTTP/1.1" 404 21 "-" "Mozilla/5.0 (Macintosh; Intel Mac OS X 10_11_2) AppleWebKit/537.36 (KHTML, like Gecko) Chrome/47.0.2526.111 Safari/537.36"
::1 - - [19/Jan/2016:23:57:39 +0000] "GET /ErrorExample HTTP/1.1" 404 52 "-" "Mozilla/5.0 (Macintosh; Intel Mac OS X 10_11_2) AppleWebKit/537.36 (KHTML, like Gecko) Chrome/47.0.2526.111 Safari/537.36"
::1 - - [19/Jan/2016:23:57:39 +0000] "GET /ErrorExample HTTP/1.1" 404 52 "-" "Mozilla/5.0 (Macintosh; Intel Mac OS X 10_11_2) AppleWebKit/537.36 (KHTML, like Gecko) Chrome/47.0.2526.111 Safari/537.36"
::1 - - [19/Jan/2016:23:57:55 +0000] "GET /ErrorExample HTTP/1.1" 404 54 "-" "Mozilla/5.0 (Macintosh; Intel Mac OS X 10_11_2) AppleWebKit/537.36 (KHTML, like Gecko) Chrome/47.0.2526.111 Safari/537.36"
::1 - - [19/Jan/2016:23:57:55 +0000] "GET /ErrorExample HTTP/1.1" 404 54 "-" "Mozilla/5.0 (Macintosh; Intel Mac OS X 10_11_2) AppleWebKit/537.36 (KHTML, like Gecko) Chrome/47.0.2526.111 Safari/537.36"
::1 - - [20/Jan/2016:00:01:03 +0000] "GET /api/users HTTP/1.1" 404 54 "-" "Mozilla/5.0 (Macintosh; Intel Mac OS X 10_11_2) AppleWebKit/537.36 (KHTML, like Gecko) Chrome/47.0.2526.111 Safari/537.36"
::1 - - [20/Jan/2016:00:01:09 +0000] "GET /api/user HTTP/1.1" 404 54 "-" "Mozilla/5.0 (Macintosh; Intel Mac OS X 10_11_2) AppleWebKit/537.36 (KHTML, like Gecko) Chrome/47.0.2526.111 Safari/537.36"
::1 - - [20/Jan/2016:00:01:21 +0000] "GET /api/users HTTP/1.1" 404 54 "-" "Mozilla/5.0 (Macintosh; Intel Mac OS X 10_11_2) AppleWebKit/537.36 (KHTML, like Gecko) Chrome/47.0.2526.111 Safari/537.36"
::1 - - [20/Jan/2016:00:01:33 +0000] "GET /api/users HTTP/1.1" 404 54 "-" "Mozilla/5.0 (Macintosh; Intel Mac OS X 10_11_2) AppleWebKit/537.36 (KHTML, like Gecko) Chrome/47.0.2526.111 Safari/537.36"
::1 - - [20/Jan/2016:00:01:49 +0000] "GET /api/users HTTP/1.1" 200 287 "-" "Mozilla/5.0 (Macintosh; Intel Mac OS X 10_11_2) AppleWebKit/537.36 (KHTML, like Gecko) Chrome/47.0.2526.111 Safari/537.36"
::1 - - [20/Jan/2016:00:05:03 +0000] "POST /api/users HTTP/1.1" 200 264 "-" "Mozilla/5.0 (Macintosh; Intel Mac OS X 10_11_2) AppleWebKit/537.36 (KHTML, like Gecko) Chrome/47.0.2526.111 Safari/537.36"
::1 - - [20/Jan/2016:00:05:25 +0000] "POST /api/users HTTP/1.1" 200 212 "-" "Mozilla/5.0 (Macintosh; Intel Mac OS X 10_11_2) AppleWebKit/537.36 (KHTML, like Gecko) Chrome/47.0.2526.111 Safari/537.36"
::1 - - [20/Jan/2016:00:05:29 +0000] "POST /api/users HTTP/1.1" 200 366 "-" "Mozilla/5.0 (Macintosh; Intel Mac OS X 10_11_2) AppleWebKit/537.36 (KHTML, like Gecko) Chrome/47.0.2526.111 Safari/537.36"
::1 - - [20/Jan/2016:00:05:36 +0000] "GET /api/users HTTP/1.1" 200 426 "-" "Mozilla/5.0 (Macintosh; Intel Mac OS X 10_11_2) AppleWebKit/537.36 (KHTML, like Gecko) Chrome/47.0.2526.111 Safari/537.36"
