::1 - POST /users HTTP/1.1 404 145 - 4.373 ms
::1 - POST /pt/users HTTP/1.1 - - - - ms
::1 - POST /pt/users HTTP/1.1 - - - 45.129 ms
::1 - POST /pt/users HTTP/1.1 - - - 50.819 ms
::1 - POST /pt/users HTTP/1.1 - - - 52.498 ms
::1 - POST /pt/users HTTP/1.1 400 70 - 61.217 ms
::1 - POST /pt/users HTTP/1.1 200 859 - 23.926 ms
::1 - POST /pt/users HTTP/1.1 400 70 - 58.254 ms
::1 - POST /pt/users HTTP/1.1 400 70 - 18.272 ms
::1 - POST /pt/users HTTP/1.1 400 70 - 59.672 ms
::1 - POST /pt/users HTTP/1.1 400 70 - 18.647 ms
::1 - POST /pt/users HTTP/1.1 200 859 - 62.254 ms
::1 - POST /pt/users HTTP/1.1 400 70 - 21.248 ms
::1 - POST /pt/users HTTP/1.1 200 859 - 19.316 ms
::1 - PUT /users HTTP/1.1 404 144 - 2.356 ms
::1 - POST /pt/users HTTP/1.1 400 70 - 17.530 ms
::1 - PUT /pt/users HTTP/1.1 200 636 - 58.988 ms
::1 - DELETE /pt/users/57bc87d5c36b7f68121c4757 HTTP/1.1 404 175 - 4.373 ms
::1 - DELETE /pt/users HTTP/1.1 400 69 - 17.458 ms
::1 - DELETE /pt/users HTTP/1.1 400 67 - 20.700 ms
::1 - DELETE /pt/users HTTP/1.1 400 67 - 17.241 ms
::1 - DELETE /pt/users HTTP/1.1 200 75 - 15.373 ms
::1 - DELETE /pt/users HTTP/1.1 400 67 - 15.719 ms
::1 - POST /pt/users HTTP/1.1 200 852 - 56.438 ms
::1 - PUT /pt/users HTTP/1.1 400 69 - 43.997 ms
::1 - PUT /pt/users HTTP/1.1 400 66 - 44.095 ms
::1 - DELETE /pt/users HTTP/1.1 400 67 - 16.018 ms
::1 - PUT /users/5a3913de273b450651ab8dab/update_password HTTP/1.1 404 185 - 3.385 ms
::1 - PUT /pt/users/5a3913de273b450651ab8dab/update_password HTTP/1.1 400 67 - 7.691 ms
::1 - PUT /pt/users/5a3913de273b450651ab8dab/update_password HTTP/1.1 400 67 - 29.124 ms
::1 - PUT /pt/users/5b11cfd1bc45f33558e5a346/update_password HTTP/1.1 200 671 - 38.422 ms
::1 - POST /pt/users HTTP/1.1 400 70 - 84.360 ms
::1 - POST /pt/users HTTP/1.1 400 70 - 57.500 ms
::1 - POST /pt/users HTTP/1.1 400 70 - 25.478 ms
::1 - PUT /pt/users/5b11cfd1bc45f33558e5a346/update_password HTTP/1.1 200 98 - 41.736 ms
::1 - POST /pt/auth HTTP/1.1 400 69 - 10.626 ms
::1 - POST /pt/auth HTTP/1.1 400 69 - 2.790 ms
::1 - POST /pt/auth HTTP/1.1 400 69 - 2.329 ms
::1 - POST /pt/auth HTTP/1.1 400 67 - 21.059 ms
::1 - POST /pt/auth HTTP/1.1 400 67 - 2.558 ms
::1 - POST /pt/auth HTTP/1.1 401 66 - 25.115 ms
::1 - POST /pt/auth HTTP/1.1 200 818 - 44.254 ms
::1 - POST /pt/auth HTTP/1.1 200 818 - 53.951 ms
::1 - POST /pt/auth HTTP/1.1 400 67 - 287.647 ms
::1 - POST /pt/auth HTTP/1.1 400 67 - 3.225 ms
::1 - POST /pt/auth HTTP/1.1 200 818 - 55.126 ms
::1 - POST /pt/auth HTTP/1.1 - - - 16.048 ms
::1 - POST /pt/auth HTTP/1.1 200 818 - 43.177 ms
::1 - POST /pt/auth HTTP/1.1 200 818 - 42.470 ms
::1 - POST /pt/auth HTTP/1.1 200 818 - 39.847 ms
::1 - POST /pt/auth HTTP/1.1 200 818 - 14.615 ms
::1 - POST /pt/auth HTTP/1.1 200 818 - 37.249 ms
::1 - POST /pt/auth HTTP/1.1 - - - 11.642 ms
::1 - POST /pt/auth HTTP/1.1 200 734 - 52.619 ms
::1 - POST /pt/auth HTTP/1.1 200 818 - 36.529 ms
::1 - POST /pt/auth HTTP/1.1 200 734 - 37.514 ms
::1 - POST /pt/auth HTTP/1.1 200 734 - 39.063 ms
::1 - POST /pt/login/fb HTTP/1.1 404 151 - 2.710 ms
::1 - POST /pt/login/fb HTTP/1.1 404 151 - 0.753 ms
::1 - POST /pt/auth/fb HTTP/1.1 400 73 - 3.889 ms
::1 - POST /pt/auth/fb HTTP/1.1 401 67 - 18.305 ms
