::1 - POST /pt/users HTTP/1.1 200 852 - 59.002 ms
::1 - POST /pt/auth HTTP/1.1 200 734 - 808.161 ms
::1 - POST /pt/auth HTTP/1.1 200 734 - 18.699 ms
::1 - POST /login/remember_password HTTP/1.1 404 163 - 2.251 ms
::1 - POST /auth/remember_password HTTP/1.1 404 162 - 0.831 ms
::1 - POST /auth/remember_password HTTP/1.1 404 162 - 0.475 ms
::1 - POST /pt/auth/remember_password HTTP/1.1 200 83 - 75.515 ms
::1 - POST /pt/auth/remember_password HTTP/1.1 200 83 - 58.184 ms
::1 - POST /pt/auth HTTP/1.1 401 66 - 52.187 ms
::1 - POST /pt/auth HTTP/1.1 200 734 - 22.793 ms
::1 - PUT /pt/users/5b11cfd1bc45f33558e5a346/update_password HTTP/1.1 400 67 - 29.810 ms
::1 - PUT /pt/users/update_password HTTP/1.1 400 67 - 35.600 ms
::1 - PUT /pt/users/update_password HTTP/1.1 401 77 - 39.231 ms
::1 - PUT /pt/users/update_password HTTP/1.1 200 98 - 62.535 ms
::1 - PUT /pt/users/update_password HTTP/1.1 200 98 - 33.168 ms
::1 - PUT /pt/users/update_password HTTP/1.1 200 98 - 28.225 ms
::1 - POST /pt/auth/remember_password HTTP/1.1 200 83 - 59.268 ms
::1 - PUT /pt/users/update_password HTTP/1.1 401 77 - 36.146 ms
::1 - PUT /pt/users/update_password HTTP/1.1 200 98 - 30.569 ms
::1 - PUT /pt/users/update_password HTTP/1.1 200 98 - 29.235 ms
::1 - PUT /pt/users/update_password HTTP/1.1 200 98 - 63.104 ms
::1 - PUT /pt/users/update_password HTTP/1.1 401 77 - 29.829 ms
::1 - PUT /pt/users/update_password HTTP/1.1 401 77 - 28.240 ms
::1 - PUT /pt/users/update_password HTTP/1.1 200 98 - 33.484 ms
::1 - PUT /pt/users/update_password HTTP/1.1 200 98 - 79.383 ms
::1 - PUT /pt/users/update_password HTTP/1.1 200 98 - 78.524 ms
::1 - POST /pt/users HTTP/1.1 400 70 - 90.418 ms
::1 - POST /pt/users HTTP/1.1 200 853 - 31.273 ms
::1 - POST /pt/auth HTTP/1.1 200 735 - 45.488 ms
::1 - POST /pt/auth HTTP/1.1 401 66 - 23.879 ms
::1 - POST /pt/auth/remember_password HTTP/1.1 200 83 - 45.490 ms
::1 - PUT /pt/users/update_password HTTP/1.1 401 77 - 57.029 ms
::1 - PUT /pt/users/update_password HTTP/1.1 200 98 - 74.475 ms
::1 - PUT /pt/users/update_password HTTP/1.1 200 98 - 36.910 ms
::1 - PUT /pt/users/update_password HTTP/1.1 200 98 - 45.088 ms
::1 - PUT /pt/users/update_password HTTP/1.1 401 77 - 40.739 ms
::1 - PUT /pt/users/update_password HTTP/1.1 401 77 - 36.575 ms
::1 - PUT /pt/users/update_password HTTP/1.1 200 98 - 47.726 ms
::1 - PUT /pt/users/update_password HTTP/1.1 200 98 - 39.020 ms
::1 - POST /pt/auth/remember_password HTTP/1.1 - - - - ms
::1 - POST /pt/auth/remember_password HTTP/1.1 - - - - ms
::1 - POST /pt/auth/remember_password HTTP/1.1 200 83 - 90.487 ms
::1 - PUT /pt/users/update_password HTTP/1.1 401 77 - 48.817 ms
::1 - PUT /pt/users/update_password HTTP/1.1 401 77 - 39.320 ms
::1 - POST /pt/auth/remember_password HTTP/1.1 - - - - ms
::1 - POST /pt/auth/remember_password HTTP/1.1 200 83 - 105.072 ms
::1 - PUT /pt/users/update_password HTTP/1.1 401 77 - 56.514 ms
::1 - PUT /pt/users/update_password HTTP/1.1 200 98 - 41.481 ms
::1 - PUT /pt/users/update_password HTTP/1.1 401 77 - 41.689 ms
::1 - PUT /pt/users/update_password HTTP/1.1 401 77 - 89.051 ms
::1 - POST /pt/auth/remember_password HTTP/1.1 200 83 - 83.053 ms
::1 - PUT /pt/users/update_password HTTP/1.1 401 77 - 53.805 ms
::1 - PUT /pt/users/update_password HTTP/1.1 401 77 - 38.009 ms
::1 - PUT /pt/users/update_password HTTP/1.1 200 98 - 51.647 ms
::1 - POST /pt/auth/remember_password HTTP/1.1 200 83 - 94.490 ms
::1 - PUT /pt/users/update_password HTTP/1.1 401 77 - 55.535 ms
::1 - PUT /pt/users/update_password HTTP/1.1 200 98 - 63.351 ms
::1 - POST /pt/auth/remember_password HTTP/1.1 200 83 - 84.016 ms
::1 - PUT /pt/users/update_password HTTP/1.1 401 77 - 58.198 ms
::1 - POST /pt/auth/remember_password HTTP/1.1 200 83 - 95.856 ms
::1 - PUT /pt/users/update_password HTTP/1.1 401 77 - 73.447 ms
::1 - PUT /pt/users/update_password HTTP/1.1 200 98 - 67.393 ms
::1 - POST /pt/auth/remember_password HTTP/1.1 200 83 - 39.087 ms
::1 - PUT /pt/users/update_password HTTP/1.1 401 77 - 72.452 ms
::1 - PUT /pt/users/update_password HTTP/1.1 401 77 - 121.511 ms
::1 - PUT /pt/users/update_password HTTP/1.1 401 77 - 120.066 ms
::1 - PUT /pt/users/update_password HTTP/1.1 401 77 - 122.689 ms
::1 - POST /pt/auth/remember_password HTTP/1.1 200 83 - 61.204 ms
::1 - PUT /pt/users/update_password HTTP/1.1 401 77 - 67.326 ms
::1 - POST /pt/auth HTTP/1.1 401 66 - 41.530 ms
::1 - POST /pt/auth HTTP/1.1 401 66 - 35.124 ms
::1 - POST /pt/auth HTTP/1.1 200 784 - 56.216 ms
::1 - POST /pt/auth HTTP/1.1 200 784 - 43.316 ms
::1 - PUT /pt/users/update_password HTTP/1.1 401 77 - 74.176 ms
::1 - PUT /pt/users/update_password HTTP/1.1 200 98 - 82.103 ms
::1 - POST /pt/auth HTTP/1.1 200 784 - 41.397 ms
::1 - POST /pt/auth HTTP/1.1 401 66 - 35.577 ms
::1 - PUT /pt/users/update_password HTTP/1.1 200 98 - 75.175 ms
::1 - PUT /pt/users/update_password HTTP/1.1 401 77 - 62.843 ms
::1 - PUT /pt/users/update_password HTTP/1.1 401 77 - 121.390 ms
::1 - PUT /pt/users/update_password HTTP/1.1 401 77 - 116.911 ms
::1 - POST /pt/auth HTTP/1.1 401 66 - 40.870 ms
::1 - POST /pt/auth HTTP/1.1 200 784 - 53.106 ms
::1 - POST /pt/auth HTTP/1.1 200 784 - 94.796 ms
::1 - PUT /pt/users/update_password HTTP/1.1 401 77 - 76.805 ms
::1 - PUT /pt/users/update_password HTTP/1.1 401 77 - 120.876 ms
::1 - PUT /pt/users/update_password HTTP/1.1 401 77 - 124.975 ms
::1 - PUT /pt/users/update_password HTTP/1.1 401 77 - 123.822 ms
::1 - PUT /pt/users/update_password HTTP/1.1 401 77 - 66.751 ms
::1 - PUT /pt/users/update_password HTTP/1.1 200 98 - 92.956 ms
::1 - PUT /pt/users/update_password HTTP/1.1 401 77 - 69.098 ms
::1 - PUT /pt/users/update_password HTTP/1.1 200 98 - 86.594 ms
::ffff:172.19.0.1 - PUT /pt/users/update_password HTTP/1.1 - - - - ms
::ffff:172.19.0.1 - PUT /pt/users/update_password HTTP/1.1 - - - - ms
::ffff:172.19.0.1 - GET / HTTP/1.1 304 - - 31.451 ms
